[2022-03-27 03:32:50,822] {taskinstance.py:1032} INFO - Dependencies all met for <TaskInstance: data_ingestion_gcs_dag.format_to_parquet_task manual__2022-03-27T03:32:30.366346+00:00 [queued]>
[2022-03-27 03:32:50,841] {taskinstance.py:1032} INFO - Dependencies all met for <TaskInstance: data_ingestion_gcs_dag.format_to_parquet_task manual__2022-03-27T03:32:30.366346+00:00 [queued]>
[2022-03-27 03:32:50,843] {taskinstance.py:1238} INFO - 
--------------------------------------------------------------------------------
[2022-03-27 03:32:50,845] {taskinstance.py:1239} INFO - Starting attempt 1 of 2
[2022-03-27 03:32:50,846] {taskinstance.py:1240} INFO - 
--------------------------------------------------------------------------------
[2022-03-27 03:32:50,876] {taskinstance.py:1259} INFO - Executing <Task(PythonOperator): format_to_parquet_task> on 2022-03-27 03:32:30.366346+00:00
[2022-03-27 03:32:50,885] {standard_task_runner.py:52} INFO - Started process 206 to run task
[2022-03-27 03:32:50,904] {standard_task_runner.py:76} INFO - Running: ['***', 'tasks', 'run', 'data_ingestion_gcs_dag', 'format_to_parquet_task', 'manual__2022-03-27T03:32:30.366346+00:00', '--job-id', '20', '--raw', '--subdir', 'DAGS_FOLDER/data_ingestion_gcs_dag.py', '--cfg-path', '/tmp/tmpvodtd5go', '--error-file', '/tmp/tmpy2vdn7y6']
[2022-03-27 03:32:50,908] {standard_task_runner.py:77} INFO - Job 20: Subtask format_to_parquet_task
[2022-03-27 03:32:51,040] {logging_mixin.py:109} INFO - Running <TaskInstance: data_ingestion_gcs_dag.format_to_parquet_task manual__2022-03-27T03:32:30.366346+00:00 [running]> on host f98077e2e921
[2022-03-27 03:32:51,344] {taskinstance.py:1426} INFO - Exporting the following env vars:
AIRFLOW_CTX_DAG_OWNER=***
AIRFLOW_CTX_DAG_ID=data_ingestion_gcs_dag
AIRFLOW_CTX_TASK_ID=format_to_parquet_task
AIRFLOW_CTX_EXECUTION_DATE=2022-03-27T03:32:30.366346+00:00
AIRFLOW_CTX_DAG_RUN_ID=manual__2022-03-27T03:32:30.366346+00:00
[2022-03-27 03:32:51,349] {data_ingestion_gcs_dag.py:29} ERROR - Can only accept source files in CSV format, for the moment
[2022-03-27 03:32:51,351] {python.py:175} INFO - Done. Returned value was: None
[2022-03-27 03:32:51,436] {taskinstance.py:1277} INFO - Marking task as SUCCESS. dag_id=data_ingestion_gcs_dag, task_id=format_to_parquet_task, execution_date=20220327T033230, start_date=20220327T033250, end_date=20220327T033251
[2022-03-27 03:32:51,497] {local_task_job.py:154} INFO - Task exited with return code 0
[2022-03-27 03:32:51,582] {local_task_job.py:264} INFO - 1 downstream tasks scheduled from follow-on schedule check
