[2022-03-27 04:08:47,738] {taskinstance.py:1032} INFO - Dependencies all met for <TaskInstance: data_ingestion_gcs_dag.local_to_gcs_task manual__2022-03-27T04:06:16.480385+00:00 [queued]>
[2022-03-27 04:08:47,762] {taskinstance.py:1032} INFO - Dependencies all met for <TaskInstance: data_ingestion_gcs_dag.local_to_gcs_task manual__2022-03-27T04:06:16.480385+00:00 [queued]>
[2022-03-27 04:08:47,764] {taskinstance.py:1238} INFO - 
--------------------------------------------------------------------------------
[2022-03-27 04:08:47,766] {taskinstance.py:1239} INFO - Starting attempt 1 of 2
[2022-03-27 04:08:47,772] {taskinstance.py:1240} INFO - 
--------------------------------------------------------------------------------
[2022-03-27 04:08:47,813] {taskinstance.py:1259} INFO - Executing <Task(PythonOperator): local_to_gcs_task> on 2022-03-27 04:06:16.480385+00:00
[2022-03-27 04:08:47,829] {standard_task_runner.py:52} INFO - Started process 1497 to run task
[2022-03-27 04:08:47,851] {standard_task_runner.py:76} INFO - Running: ['***', 'tasks', 'run', 'data_ingestion_gcs_dag', 'local_to_gcs_task', 'manual__2022-03-27T04:06:16.480385+00:00', '--job-id', '34', '--raw', '--subdir', 'DAGS_FOLDER/data_ingestion_gcs_dag.py', '--cfg-path', '/tmp/tmpvwf_es85', '--error-file', '/tmp/tmpemdhz_t5']
[2022-03-27 04:08:47,856] {standard_task_runner.py:77} INFO - Job 34: Subtask local_to_gcs_task
[2022-03-27 04:08:48,023] {logging_mixin.py:109} INFO - Running <TaskInstance: data_ingestion_gcs_dag.local_to_gcs_task manual__2022-03-27T04:06:16.480385+00:00 [running]> on host f98077e2e921
[2022-03-27 04:08:48,411] {taskinstance.py:1426} INFO - Exporting the following env vars:
AIRFLOW_CTX_DAG_OWNER=***
AIRFLOW_CTX_DAG_ID=data_ingestion_gcs_dag
AIRFLOW_CTX_TASK_ID=local_to_gcs_task
AIRFLOW_CTX_EXECUTION_DATE=2022-03-27T04:06:16.480385+00:00
AIRFLOW_CTX_DAG_RUN_ID=manual__2022-03-27T04:06:16.480385+00:00
[2022-03-27 04:08:52,653] {python.py:175} INFO - Done. Returned value was: None
[2022-03-27 04:08:52,674] {taskinstance.py:1277} INFO - Marking task as SUCCESS. dag_id=data_ingestion_gcs_dag, task_id=local_to_gcs_task, execution_date=20220327T040616, start_date=20220327T040847, end_date=20220327T040852
[2022-03-27 04:08:52,740] {local_task_job.py:154} INFO - Task exited with return code 0
[2022-03-27 04:08:52,795] {local_task_job.py:264} INFO - 1 downstream tasks scheduled from follow-on schedule check
