[2022-03-27 02:44:28,261] {taskinstance.py:1032} INFO - Dependencies all met for <TaskInstance: data_ingestion_gcs_dag.format_to_parquet_task scheduled__2022-03-26T00:00:00+00:00 [queued]>
[2022-03-27 02:44:28,326] {taskinstance.py:1032} INFO - Dependencies all met for <TaskInstance: data_ingestion_gcs_dag.format_to_parquet_task scheduled__2022-03-26T00:00:00+00:00 [queued]>
[2022-03-27 02:44:28,329] {taskinstance.py:1238} INFO - 
--------------------------------------------------------------------------------
[2022-03-27 02:44:28,332] {taskinstance.py:1239} INFO - Starting attempt 1 of 2
[2022-03-27 02:44:28,334] {taskinstance.py:1240} INFO - 
--------------------------------------------------------------------------------
[2022-03-27 02:44:28,382] {taskinstance.py:1259} INFO - Executing <Task(PythonOperator): format_to_parquet_task> on 2022-03-26 00:00:00+00:00
[2022-03-27 02:44:28,417] {standard_task_runner.py:52} INFO - Started process 185 to run task
[2022-03-27 02:44:28,448] {standard_task_runner.py:76} INFO - Running: ['***', 'tasks', 'run', 'data_ingestion_gcs_dag', 'format_to_parquet_task', 'scheduled__2022-03-26T00:00:00+00:00', '--job-id', '4', '--raw', '--subdir', 'DAGS_FOLDER/data_ingestion_gcs_dag.py', '--cfg-path', '/tmp/tmpkrby1kzi', '--error-file', '/tmp/tmp84di5ytn']
[2022-03-27 02:44:28,461] {standard_task_runner.py:77} INFO - Job 4: Subtask format_to_parquet_task
[2022-03-27 02:44:29,130] {logging_mixin.py:109} INFO - Running <TaskInstance: data_ingestion_gcs_dag.format_to_parquet_task scheduled__2022-03-26T00:00:00+00:00 [running]> on host a1e149e51579
[2022-03-27 02:44:29,751] {taskinstance.py:1426} INFO - Exporting the following env vars:
AIRFLOW_CTX_DAG_OWNER=***
AIRFLOW_CTX_DAG_ID=data_ingestion_gcs_dag
AIRFLOW_CTX_TASK_ID=format_to_parquet_task
AIRFLOW_CTX_EXECUTION_DATE=2022-03-26T00:00:00+00:00
AIRFLOW_CTX_DAG_RUN_ID=scheduled__2022-03-26T00:00:00+00:00
[2022-03-27 02:44:29,760] {data_ingestion_gcs_dag.py:29} ERROR - Can only accept source files in CSV format, for the moment
[2022-03-27 02:44:29,765] {python.py:175} INFO - Done. Returned value was: None
[2022-03-27 02:44:29,855] {taskinstance.py:1277} INFO - Marking task as SUCCESS. dag_id=data_ingestion_gcs_dag, task_id=format_to_parquet_task, execution_date=20220326T000000, start_date=20220327T024428, end_date=20220327T024429
[2022-03-27 02:44:30,174] {local_task_job.py:154} INFO - Task exited with return code 0
[2022-03-27 02:44:30,518] {local_task_job.py:264} INFO - 1 downstream tasks scheduled from follow-on schedule check
