[2022-03-27 03:52:07,472] {taskinstance.py:1032} INFO - Dependencies all met for <TaskInstance: data_ingestion_gcs_dag.download_dataset_task manual__2022-03-27T03:52:01.705326+00:00 [queued]>
[2022-03-27 03:52:07,519] {taskinstance.py:1032} INFO - Dependencies all met for <TaskInstance: data_ingestion_gcs_dag.download_dataset_task manual__2022-03-27T03:52:01.705326+00:00 [queued]>
[2022-03-27 03:52:07,521] {taskinstance.py:1238} INFO - 
--------------------------------------------------------------------------------
[2022-03-27 03:52:07,524] {taskinstance.py:1239} INFO - Starting attempt 1 of 2
[2022-03-27 03:52:07,527] {taskinstance.py:1240} INFO - 
--------------------------------------------------------------------------------
[2022-03-27 03:52:07,557] {taskinstance.py:1259} INFO - Executing <Task(BashOperator): download_dataset_task> on 2022-03-27 03:52:01.705326+00:00
[2022-03-27 03:52:07,579] {standard_task_runner.py:52} INFO - Started process 898 to run task
[2022-03-27 03:52:07,608] {standard_task_runner.py:76} INFO - Running: ['***', 'tasks', 'run', 'data_ingestion_gcs_dag', 'download_dataset_task', 'manual__2022-03-27T03:52:01.705326+00:00', '--job-id', '23', '--raw', '--subdir', 'DAGS_FOLDER/data_ingestion_gcs_dag.py', '--cfg-path', '/tmp/tmp7pwsfzo1', '--error-file', '/tmp/tmpt61ibsl7']
[2022-03-27 03:52:07,615] {standard_task_runner.py:77} INFO - Job 23: Subtask download_dataset_task
[2022-03-27 03:52:08,216] {logging_mixin.py:109} INFO - Running <TaskInstance: data_ingestion_gcs_dag.download_dataset_task manual__2022-03-27T03:52:01.705326+00:00 [running]> on host f98077e2e921
[2022-03-27 03:52:08,836] {taskinstance.py:1426} INFO - Exporting the following env vars:
AIRFLOW_CTX_DAG_OWNER=***
AIRFLOW_CTX_DAG_ID=data_ingestion_gcs_dag
AIRFLOW_CTX_TASK_ID=download_dataset_task
AIRFLOW_CTX_EXECUTION_DATE=2022-03-27T03:52:01.705326+00:00
AIRFLOW_CTX_DAG_RUN_ID=manual__2022-03-27T03:52:01.705326+00:00
[2022-03-27 03:52:08,845] {subprocess.py:62} INFO - Tmp dir root location: 
 /tmp
[2022-03-27 03:52:08,848] {subprocess.py:74} INFO - Running command: ['bash', '-c', 'curl -sSL https://s3.amazonaws.com/tripdata/201501-citibike-tripdata.zip > /opt/***/201501-citibike-tripdata.zip']
[2022-03-27 03:52:08,920] {subprocess.py:85} INFO - Output:
[2022-03-27 03:52:10,312] {subprocess.py:93} INFO - Command exited with return code 0
[2022-03-27 03:52:10,507] {taskinstance.py:1277} INFO - Marking task as SUCCESS. dag_id=data_ingestion_gcs_dag, task_id=download_dataset_task, execution_date=20220327T035201, start_date=20220327T035207, end_date=20220327T035210
[2022-03-27 03:52:10,592] {local_task_job.py:154} INFO - Task exited with return code 0
[2022-03-27 03:52:10,679] {local_task_job.py:264} INFO - 1 downstream tasks scheduled from follow-on schedule check
