[2022-03-27 02:50:04,869] {taskinstance.py:1032} INFO - Dependencies all met for <TaskInstance: data_ingestion_gcs_dag.format_to_parquet_task manual__2022-03-27T02:44:03.157166+00:00 [queued]>
[2022-03-27 02:50:04,923] {taskinstance.py:1032} INFO - Dependencies all met for <TaskInstance: data_ingestion_gcs_dag.format_to_parquet_task manual__2022-03-27T02:44:03.157166+00:00 [queued]>
[2022-03-27 02:50:04,925] {taskinstance.py:1238} INFO - 
--------------------------------------------------------------------------------
[2022-03-27 02:50:04,928] {taskinstance.py:1239} INFO - Starting attempt 1 of 2
[2022-03-27 02:50:04,929] {taskinstance.py:1240} INFO - 
--------------------------------------------------------------------------------
[2022-03-27 02:50:04,961] {taskinstance.py:1259} INFO - Executing <Task(PythonOperator): format_to_parquet_task> on 2022-03-27 02:44:03.157166+00:00
[2022-03-27 02:50:04,972] {standard_task_runner.py:52} INFO - Started process 379 to run task
[2022-03-27 02:50:04,993] {standard_task_runner.py:76} INFO - Running: ['***', 'tasks', 'run', 'data_ingestion_gcs_dag', 'format_to_parquet_task', 'manual__2022-03-27T02:44:03.157166+00:00', '--job-id', '8', '--raw', '--subdir', 'DAGS_FOLDER/data_ingestion_gcs_dag.py', '--cfg-path', '/tmp/tmpzafz0hbe', '--error-file', '/tmp/tmpv7ibkjny']
[2022-03-27 02:50:04,996] {standard_task_runner.py:77} INFO - Job 8: Subtask format_to_parquet_task
[2022-03-27 02:50:05,205] {logging_mixin.py:109} INFO - Running <TaskInstance: data_ingestion_gcs_dag.format_to_parquet_task manual__2022-03-27T02:44:03.157166+00:00 [running]> on host a1e149e51579
[2022-03-27 02:50:05,779] {taskinstance.py:1426} INFO - Exporting the following env vars:
AIRFLOW_CTX_DAG_OWNER=***
AIRFLOW_CTX_DAG_ID=data_ingestion_gcs_dag
AIRFLOW_CTX_TASK_ID=format_to_parquet_task
AIRFLOW_CTX_EXECUTION_DATE=2022-03-27T02:44:03.157166+00:00
AIRFLOW_CTX_DAG_RUN_ID=manual__2022-03-27T02:44:03.157166+00:00
[2022-03-27 02:50:05,784] {data_ingestion_gcs_dag.py:29} ERROR - Can only accept source files in CSV format, for the moment
[2022-03-27 02:50:05,786] {python.py:175} INFO - Done. Returned value was: None
[2022-03-27 02:50:05,821] {taskinstance.py:1277} INFO - Marking task as SUCCESS. dag_id=data_ingestion_gcs_dag, task_id=format_to_parquet_task, execution_date=20220327T024403, start_date=20220327T025004, end_date=20220327T025005
[2022-03-27 02:50:05,939] {local_task_job.py:154} INFO - Task exited with return code 0
[2022-03-27 02:50:05,995] {local_task_job.py:264} INFO - 1 downstream tasks scheduled from follow-on schedule check
