[2022-03-27 02:49:55,838] {taskinstance.py:1032} INFO - Dependencies all met for <TaskInstance: data_ingestion_gcs_dag.download_dataset_task manual__2022-03-27T02:44:03.157166+00:00 [queued]>
[2022-03-27 02:49:55,858] {taskinstance.py:1032} INFO - Dependencies all met for <TaskInstance: data_ingestion_gcs_dag.download_dataset_task manual__2022-03-27T02:44:03.157166+00:00 [queued]>
[2022-03-27 02:49:55,860] {taskinstance.py:1238} INFO - 
--------------------------------------------------------------------------------
[2022-03-27 02:49:55,861] {taskinstance.py:1239} INFO - Starting attempt 1 of 2
[2022-03-27 02:49:55,863] {taskinstance.py:1240} INFO - 
--------------------------------------------------------------------------------
[2022-03-27 02:49:55,892] {taskinstance.py:1259} INFO - Executing <Task(BashOperator): download_dataset_task> on 2022-03-27 02:44:03.157166+00:00
[2022-03-27 02:49:55,907] {standard_task_runner.py:52} INFO - Started process 363 to run task
[2022-03-27 02:49:55,923] {standard_task_runner.py:76} INFO - Running: ['***', 'tasks', 'run', 'data_ingestion_gcs_dag', 'download_dataset_task', 'manual__2022-03-27T02:44:03.157166+00:00', '--job-id', '7', '--raw', '--subdir', 'DAGS_FOLDER/data_ingestion_gcs_dag.py', '--cfg-path', '/tmp/tmptm1oymn8', '--error-file', '/tmp/tmpk6t9kx4a']
[2022-03-27 02:49:55,926] {standard_task_runner.py:77} INFO - Job 7: Subtask download_dataset_task
[2022-03-27 02:49:56,049] {logging_mixin.py:109} INFO - Running <TaskInstance: data_ingestion_gcs_dag.download_dataset_task manual__2022-03-27T02:44:03.157166+00:00 [running]> on host a1e149e51579
[2022-03-27 02:49:56,187] {taskinstance.py:1426} INFO - Exporting the following env vars:
AIRFLOW_CTX_DAG_OWNER=***
AIRFLOW_CTX_DAG_ID=data_ingestion_gcs_dag
AIRFLOW_CTX_TASK_ID=download_dataset_task
AIRFLOW_CTX_EXECUTION_DATE=2022-03-27T02:44:03.157166+00:00
AIRFLOW_CTX_DAG_RUN_ID=manual__2022-03-27T02:44:03.157166+00:00
[2022-03-27 02:49:56,194] {subprocess.py:62} INFO - Tmp dir root location: 
 /tmp
[2022-03-27 02:49:56,202] {subprocess.py:74} INFO - Running command: ['bash', '-c', 'curl -sSL https://s3.amazonaws.com/tripdata/201501-citibike-tripdata.zip > /opt/***/201501-citibike-tripdata.zip']
[2022-03-27 02:49:56,281] {subprocess.py:85} INFO - Output:
[2022-03-27 02:50:01,057] {subprocess.py:93} INFO - Command exited with return code 0
[2022-03-27 02:50:01,194] {taskinstance.py:1277} INFO - Marking task as SUCCESS. dag_id=data_ingestion_gcs_dag, task_id=download_dataset_task, execution_date=20220327T024403, start_date=20220327T024955, end_date=20220327T025001
[2022-03-27 02:50:01,319] {local_task_job.py:154} INFO - Task exited with return code 0
[2022-03-27 02:50:01,465] {local_task_job.py:264} INFO - 1 downstream tasks scheduled from follow-on schedule check
