[2022-03-27 02:57:14,545] {taskinstance.py:1032} INFO - Dependencies all met for <TaskInstance: data_ingestion_gcs_dag.format_to_parquet_task manual__2022-03-27T02:57:02.122875+00:00 [queued]>
[2022-03-27 02:57:14,604] {taskinstance.py:1032} INFO - Dependencies all met for <TaskInstance: data_ingestion_gcs_dag.format_to_parquet_task manual__2022-03-27T02:57:02.122875+00:00 [queued]>
[2022-03-27 02:57:14,606] {taskinstance.py:1238} INFO - 
--------------------------------------------------------------------------------
[2022-03-27 02:57:14,608] {taskinstance.py:1239} INFO - Starting attempt 1 of 2
[2022-03-27 02:57:14,613] {taskinstance.py:1240} INFO - 
--------------------------------------------------------------------------------
[2022-03-27 02:57:14,670] {taskinstance.py:1259} INFO - Executing <Task(PythonOperator): format_to_parquet_task> on 2022-03-27 02:57:02.122875+00:00
[2022-03-27 02:57:14,688] {standard_task_runner.py:52} INFO - Started process 178 to run task
[2022-03-27 02:57:14,727] {standard_task_runner.py:76} INFO - Running: ['***', 'tasks', 'run', 'data_ingestion_gcs_dag', 'format_to_parquet_task', 'manual__2022-03-27T02:57:02.122875+00:00', '--job-id', '14', '--raw', '--subdir', 'DAGS_FOLDER/data_ingestion_gcs_dag.py', '--cfg-path', '/tmp/tmpq0jw9bvf', '--error-file', '/tmp/tmpl2f7aoqe']
[2022-03-27 02:57:14,729] {standard_task_runner.py:77} INFO - Job 14: Subtask format_to_parquet_task
[2022-03-27 02:57:14,892] {logging_mixin.py:109} INFO - Running <TaskInstance: data_ingestion_gcs_dag.format_to_parquet_task manual__2022-03-27T02:57:02.122875+00:00 [running]> on host a1e149e51579
[2022-03-27 02:57:15,058] {taskinstance.py:1426} INFO - Exporting the following env vars:
AIRFLOW_CTX_DAG_OWNER=***
AIRFLOW_CTX_DAG_ID=data_ingestion_gcs_dag
AIRFLOW_CTX_TASK_ID=format_to_parquet_task
AIRFLOW_CTX_EXECUTION_DATE=2022-03-27T02:57:02.122875+00:00
AIRFLOW_CTX_DAG_RUN_ID=manual__2022-03-27T02:57:02.122875+00:00
[2022-03-27 02:57:15,084] {data_ingestion_gcs_dag.py:29} ERROR - Can only accept source files in CSV format, for the moment
[2022-03-27 02:57:15,088] {python.py:175} INFO - Done. Returned value was: None
[2022-03-27 02:57:15,133] {taskinstance.py:1277} INFO - Marking task as SUCCESS. dag_id=data_ingestion_gcs_dag, task_id=format_to_parquet_task, execution_date=20220327T025702, start_date=20220327T025714, end_date=20220327T025715
[2022-03-27 02:57:15,212] {local_task_job.py:154} INFO - Task exited with return code 0
[2022-03-27 02:57:15,353] {local_task_job.py:264} INFO - 1 downstream tasks scheduled from follow-on schedule check
