[2022-03-27 04:08:40,260] {taskinstance.py:1032} INFO - Dependencies all met for <TaskInstance: data_ingestion_gcs_dag.format_to_parquet_task manual__2022-03-27T04:06:16.480385+00:00 [queued]>
[2022-03-27 04:08:40,380] {taskinstance.py:1032} INFO - Dependencies all met for <TaskInstance: data_ingestion_gcs_dag.format_to_parquet_task manual__2022-03-27T04:06:16.480385+00:00 [queued]>
[2022-03-27 04:08:40,383] {taskinstance.py:1238} INFO - 
--------------------------------------------------------------------------------
[2022-03-27 04:08:40,388] {taskinstance.py:1239} INFO - Starting attempt 1 of 2
[2022-03-27 04:08:40,391] {taskinstance.py:1240} INFO - 
--------------------------------------------------------------------------------
[2022-03-27 04:08:40,473] {taskinstance.py:1259} INFO - Executing <Task(PythonOperator): format_to_parquet_task> on 2022-03-27 04:06:16.480385+00:00
[2022-03-27 04:08:40,515] {standard_task_runner.py:52} INFO - Started process 1491 to run task
[2022-03-27 04:08:40,788] {standard_task_runner.py:76} INFO - Running: ['***', 'tasks', 'run', 'data_ingestion_gcs_dag', 'format_to_parquet_task', 'manual__2022-03-27T04:06:16.480385+00:00', '--job-id', '33', '--raw', '--subdir', 'DAGS_FOLDER/data_ingestion_gcs_dag.py', '--cfg-path', '/tmp/tmpfnwzztpk', '--error-file', '/tmp/tmp5dwh6tr8']
[2022-03-27 04:08:40,803] {standard_task_runner.py:77} INFO - Job 33: Subtask format_to_parquet_task
[2022-03-27 04:08:40,917] {logging_mixin.py:109} INFO - Running <TaskInstance: data_ingestion_gcs_dag.format_to_parquet_task manual__2022-03-27T04:06:16.480385+00:00 [running]> on host f98077e2e921
[2022-03-27 04:08:41,334] {taskinstance.py:1426} INFO - Exporting the following env vars:
AIRFLOW_CTX_DAG_OWNER=***
AIRFLOW_CTX_DAG_ID=data_ingestion_gcs_dag
AIRFLOW_CTX_TASK_ID=format_to_parquet_task
AIRFLOW_CTX_EXECUTION_DATE=2022-03-27T04:06:16.480385+00:00
AIRFLOW_CTX_DAG_RUN_ID=manual__2022-03-27T04:06:16.480385+00:00
[2022-03-27 04:08:44,282] {python.py:175} INFO - Done. Returned value was: None
[2022-03-27 04:08:44,315] {taskinstance.py:1277} INFO - Marking task as SUCCESS. dag_id=data_ingestion_gcs_dag, task_id=format_to_parquet_task, execution_date=20220327T040616, start_date=20220327T040840, end_date=20220327T040844
[2022-03-27 04:08:44,491] {local_task_job.py:154} INFO - Task exited with return code 0
[2022-03-27 04:08:44,723] {local_task_job.py:264} INFO - 1 downstream tasks scheduled from follow-on schedule check
