[2022-03-27 04:08:31,526] {taskinstance.py:1032} INFO - Dependencies all met for <TaskInstance: data_ingestion_gcs_dag.download_dataset_task manual__2022-03-27T04:06:16.480385+00:00 [queued]>
[2022-03-27 04:08:31,593] {taskinstance.py:1032} INFO - Dependencies all met for <TaskInstance: data_ingestion_gcs_dag.download_dataset_task manual__2022-03-27T04:06:16.480385+00:00 [queued]>
[2022-03-27 04:08:31,595] {taskinstance.py:1238} INFO - 
--------------------------------------------------------------------------------
[2022-03-27 04:08:31,596] {taskinstance.py:1239} INFO - Starting attempt 1 of 2
[2022-03-27 04:08:31,599] {taskinstance.py:1240} INFO - 
--------------------------------------------------------------------------------
[2022-03-27 04:08:31,640] {taskinstance.py:1259} INFO - Executing <Task(BashOperator): download_dataset_task> on 2022-03-27 04:06:16.480385+00:00
[2022-03-27 04:08:31,663] {standard_task_runner.py:52} INFO - Started process 1476 to run task
[2022-03-27 04:08:31,689] {standard_task_runner.py:76} INFO - Running: ['***', 'tasks', 'run', 'data_ingestion_gcs_dag', 'download_dataset_task', 'manual__2022-03-27T04:06:16.480385+00:00', '--job-id', '32', '--raw', '--subdir', 'DAGS_FOLDER/data_ingestion_gcs_dag.py', '--cfg-path', '/tmp/tmp0ag70em9', '--error-file', '/tmp/tmp6sa8fqkz']
[2022-03-27 04:08:31,692] {standard_task_runner.py:77} INFO - Job 32: Subtask download_dataset_task
[2022-03-27 04:08:31,917] {logging_mixin.py:109} INFO - Running <TaskInstance: data_ingestion_gcs_dag.download_dataset_task manual__2022-03-27T04:06:16.480385+00:00 [running]> on host f98077e2e921
[2022-03-27 04:08:32,606] {taskinstance.py:1426} INFO - Exporting the following env vars:
AIRFLOW_CTX_DAG_OWNER=***
AIRFLOW_CTX_DAG_ID=data_ingestion_gcs_dag
AIRFLOW_CTX_TASK_ID=download_dataset_task
AIRFLOW_CTX_EXECUTION_DATE=2022-03-27T04:06:16.480385+00:00
AIRFLOW_CTX_DAG_RUN_ID=manual__2022-03-27T04:06:16.480385+00:00
[2022-03-27 04:08:32,611] {subprocess.py:62} INFO - Tmp dir root location: 
 /tmp
[2022-03-27 04:08:32,620] {subprocess.py:74} INFO - Running command: ['bash', '-c', 'curl -sSL https://s3.amazonaws.com/tripdata/201501-citibike-tripdata.zip > /opt/***/201501-citibike-tripdata.zip']
[2022-03-27 04:08:32,706] {subprocess.py:85} INFO - Output:
[2022-03-27 04:08:34,095] {subprocess.py:93} INFO - Command exited with return code 0
[2022-03-27 04:08:34,269] {taskinstance.py:1277} INFO - Marking task as SUCCESS. dag_id=data_ingestion_gcs_dag, task_id=download_dataset_task, execution_date=20220327T040616, start_date=20220327T040831, end_date=20220327T040834
[2022-03-27 04:08:34,414] {local_task_job.py:154} INFO - Task exited with return code 0
[2022-03-27 04:08:34,568] {local_task_job.py:264} INFO - 1 downstream tasks scheduled from follow-on schedule check
