[2022-03-27 02:44:11,994] {taskinstance.py:1032} INFO - Dependencies all met for <TaskInstance: data_ingestion_gcs_dag.download_dataset_task scheduled__2022-03-26T00:00:00+00:00 [queued]>
[2022-03-27 02:44:12,019] {taskinstance.py:1032} INFO - Dependencies all met for <TaskInstance: data_ingestion_gcs_dag.download_dataset_task scheduled__2022-03-26T00:00:00+00:00 [queued]>
[2022-03-27 02:44:12,021] {taskinstance.py:1238} INFO - 
--------------------------------------------------------------------------------
[2022-03-27 02:44:12,022] {taskinstance.py:1239} INFO - Starting attempt 1 of 2
[2022-03-27 02:44:12,024] {taskinstance.py:1240} INFO - 
--------------------------------------------------------------------------------
[2022-03-27 02:44:12,121] {taskinstance.py:1259} INFO - Executing <Task(BashOperator): download_dataset_task> on 2022-03-26 00:00:00+00:00
[2022-03-27 02:44:12,136] {standard_task_runner.py:52} INFO - Started process 170 to run task
[2022-03-27 02:44:12,154] {standard_task_runner.py:76} INFO - Running: ['***', 'tasks', 'run', 'data_ingestion_gcs_dag', 'download_dataset_task', 'scheduled__2022-03-26T00:00:00+00:00', '--job-id', '3', '--raw', '--subdir', 'DAGS_FOLDER/data_ingestion_gcs_dag.py', '--cfg-path', '/tmp/tmpiq8xaraa', '--error-file', '/tmp/tmp3_4wo9ka']
[2022-03-27 02:44:12,160] {standard_task_runner.py:77} INFO - Job 3: Subtask download_dataset_task
[2022-03-27 02:44:12,355] {logging_mixin.py:109} INFO - Running <TaskInstance: data_ingestion_gcs_dag.download_dataset_task scheduled__2022-03-26T00:00:00+00:00 [running]> on host a1e149e51579
[2022-03-27 02:44:13,438] {taskinstance.py:1426} INFO - Exporting the following env vars:
AIRFLOW_CTX_DAG_OWNER=***
AIRFLOW_CTX_DAG_ID=data_ingestion_gcs_dag
AIRFLOW_CTX_TASK_ID=download_dataset_task
AIRFLOW_CTX_EXECUTION_DATE=2022-03-26T00:00:00+00:00
AIRFLOW_CTX_DAG_RUN_ID=scheduled__2022-03-26T00:00:00+00:00
[2022-03-27 02:44:13,448] {subprocess.py:62} INFO - Tmp dir root location: 
 /tmp
[2022-03-27 02:44:13,452] {subprocess.py:74} INFO - Running command: ['bash', '-c', 'curl -sSL https://s3.amazonaws.com/tripdata/201501-citibike-tripdata.zip > /opt/***/201501-citibike-tripdata.zip']
[2022-03-27 02:44:13,565] {subprocess.py:85} INFO - Output:
[2022-03-27 02:44:18,148] {subprocess.py:93} INFO - Command exited with return code 0
[2022-03-27 02:44:18,244] {taskinstance.py:1277} INFO - Marking task as SUCCESS. dag_id=data_ingestion_gcs_dag, task_id=download_dataset_task, execution_date=20220326T000000, start_date=20220327T024411, end_date=20220327T024418
[2022-03-27 02:44:18,459] {local_task_job.py:154} INFO - Task exited with return code 0
[2022-03-27 02:44:18,942] {local_task_job.py:264} INFO - 1 downstream tasks scheduled from follow-on schedule check
